<?xml version="1.0" encoding="UTF-8"?>
<testsuite name="Scenario: creation fails with already taken username and valid pasword" tests="4" skipped="2" failures="0" errors="0" timestamp="2017-03-28T18:14:59" hostname="fuxi16" time="0.005">
  <properties/>
  <testcase name="Given command new user is selected" classname="Scenario: creation fails with already taken username and valid pasword" time="0.001"/>
  <testcase name="When taken username &quot;pekka&quot; and password &quot;salainen2&quot; are entered" classname="Scenario: creation fails with already taken username and valid pasword" time="0.0">
    <skipped/>
  </testcase>
  <testcase name="Then system will respond with &quot;new user not registered&quot;" classname="Scenario: creation fails with already taken username and valid pasword" time="0.0">
    <skipped/>
  </testcase>
  <testcase name="classMethod" classname="Scenario: creation fails with already taken username and valid pasword" time="0.008"/>
  <system-out><![CDATA[
  Scenario: creation fails with too short username and valid passord  ?[90m# ohtu/new_user.feature:18?[0m
    ?[32mGiven ?[0m?[32mcommand new user is selected?[0m                                ?[90m# Stepdefs.command_new_user_is_selected()?[0m
    ?[33mWhen ?[0m?[33mtoo short username "aa" and password "salainen2" are entered?[0m
    ?[36mThen ?[0m?[36msystem will respond with "?[0m?[36m?[1mnew user not registered?[0m?[36m"?[0m           ?[90m# Stepdefs.system_will_respond_with(String)?[0m
]]></system-out>
  <system-err><![CDATA[]]></system-err>
</testsuite>
