<?xml version="1.0" encoding="UTF-8"?>
<testsuite name="Scenario: creation fails with already taken username and valid pasword" tests="4" skipped="0" failures="0" errors="0" timestamp="2017-03-29T17:59:10" hostname="fuxi16" time="0.009">
  <properties/>
  <testcase name="Given command new user is selected" classname="Scenario: creation fails with already taken username and valid pasword" time="0.002"/>
  <testcase name="When taken username &quot;pekka&quot; and password &quot;salainen2&quot; are entered" classname="Scenario: creation fails with already taken username and valid pasword" time="0.001"/>
  <testcase name="Then system will respond with &quot;new user not registered&quot;" classname="Scenario: creation fails with already taken username and valid pasword" time="0.001"/>
  <testcase name="classMethod" classname="Scenario: creation fails with already taken username and valid pasword" time="0.01"/>
  <system-out><![CDATA[
  Scenario: creation fails with too short username and valid passord  ?[90m# ohtu/new_user.feature:18?[0m
    ?[32mGiven ?[0m?[32mcommand new user is selected?[0m                                ?[90m# Stepdefs.command_new_user_is_selected()?[0m
    ?[32mWhen ?[0m?[32mtoo short username "?[0m?[32m?[1maa?[0m?[32m" and password "?[0m?[32m?[1msalainen2?[0m?[32m" are entered?[0m ?[90m# Stepdefs.too_short_username_and_password_are_entered(String,String)?[0m
    ?[32mThen ?[0m?[32msystem will respond with "?[0m?[32m?[1mnew user not registered?[0m?[32m"?[0m           ?[90m# Stepdefs.system_will_respond_with(String)?[0m
]]></system-out>
  <system-err><![CDATA[]]></system-err>
</testsuite>
