<?xml version="1.0" encoding="UTF-8"?>
<testsuite name="Scenario: creation succesful with correct username and password" tests="4" skipped="0" failures="0" errors="0" timestamp="2017-03-29T10:49:58" hostname="fuxi16" time="0.004">
  <properties/>
  <testcase name="Given command new user is selected" classname="Scenario: creation succesful with correct username and password" time="0.001"/>
  <testcase name="When new username &quot;uusi&quot; and password &quot;käyttäjä1&quot; are entered" classname="Scenario: creation succesful with correct username and password" time="0.0"/>
  <testcase name="Then system will respond with &quot;new user registered&quot;" classname="Scenario: creation succesful with correct username and password" time="0.0"/>
  <testcase name="classMethod" classname="Scenario: creation succesful with correct username and password" time="0.004"/>
  <system-out><![CDATA[]]></system-out>
  <system-err><![CDATA[]]></system-err>
</testsuite>
