<?xml version="1.0" encoding="UTF-8"?>
<testsuite name="Scenario: creation succesful with correct username and password" tests="4" skipped="0" failures="0" errors="0" timestamp="2017-03-29T17:59:10" hostname="fuxi16" time="0.008">
  <properties/>
  <testcase name="Given command new user is selected" classname="Scenario: creation succesful with correct username and password" time="0.003"/>
  <testcase name="When new username &quot;uusi&quot; and password &quot;käyttäjä1&quot; are entered" classname="Scenario: creation succesful with correct username and password" time="0.001"/>
  <testcase name="Then system will respond with &quot;new user registered&quot;" classname="Scenario: creation succesful with correct username and password" time="0.001"/>
  <testcase name="classMethod" classname="Scenario: creation succesful with correct username and password" time="0.009"/>
  <system-out><![CDATA[]]></system-out>
  <system-err><![CDATA[]]></system-err>
</testsuite>
