<?xml version="1.0" encoding="UTF-8"?>
<testsuite name="Scenario: creation fails with too short username and valid passord" tests="4" skipped="0" failures="0" errors="0" timestamp="2017-03-29T10:49:58" hostname="fuxi16" time="0.002">
  <properties/>
  <testcase name="Given command new user is selected" classname="Scenario: creation fails with too short username and valid passord" time="0.0"/>
  <testcase name="When too short username &quot;aa&quot; and password &quot;salainen2&quot; are entered" classname="Scenario: creation fails with too short username and valid passord" time="0.0"/>
  <testcase name="Then system will respond with &quot;new user not registered&quot;" classname="Scenario: creation fails with too short username and valid passord" time="0.0"/>
  <testcase name="classMethod" classname="Scenario: creation fails with too short username and valid passord" time="0.002"/>
  <system-out><![CDATA[
  Scenario: creation fails with correct username and password consisting of letters ?[90m# ohtu/new_user.feature:13?[0m
    ?[32mGiven ?[0m?[32mcommand new user is selected?[0m                                              ?[90m# Stepdefs.command_new_user_is_selected()?[0m
    ?[32mWhen ?[0m?[32musername "?[0m?[32m?[1mantero?[0m?[32m" and illegal password "?[0m?[32m?[1msalainen?[0m?[32m" are entered?[0m              ?[90m# Stepdefs.a_username_and_illegal_password_are_entered(String,String)?[0m
    ?[32mThen ?[0m?[32msystem will respond with "?[0m?[32m?[1mnew user not registered?[0m?[32m"?[0m                         ?[90m# Stepdefs.system_will_respond_with(String)?[0m
]]></system-out>
  <system-err><![CDATA[]]></system-err>
</testsuite>
